<?xml version="1.0" encoding="UTF-8"?>
<testsuite name="DungeonCrawlerTest" tests="1" skipped="0" failures="0" errors="0" timestamp="2021-02-27T01:24:33" hostname="DESKTOP-613HHG9" time="0.906">
  <properties/>
  <testcase name="testDifficultyContains" classname="DungeonCrawlerTest" time="0.906"/>
  <system-out><![CDATA[]]></system-out>
  <system-err><![CDATA[]]></system-err>
</testsuite>
