<?xml version="1.0" encoding="UTF-8"?>
<testsuite name="DungeonCrawlerTest" tests="2" skipped="0" failures="0" errors="0" timestamp="2021-02-25T16:30:40" hostname="kp-mbp.fios-router.home" time="2.976">
  <properties/>
  <testcase name="testStartDifficultyFieldExists" classname="DungeonCrawlerTest" time="2.324"/>
  <testcase name="testStartNameFieldExists" classname="DungeonCrawlerTest" time="0.652"/>
  <system-out><![CDATA[]]></system-out>
  <system-err><![CDATA[]]></system-err>
</testsuite>
